<?xml version="1.0" encoding="UTF-8"?>
<testng-results skipped="0" failed="0" ignored="0" total="0" passed="0">
  <reporter-output>
  </reporter-output>
  <suite name="Default suite" duration-ms="24" started-at="2019-07-13T17:50:24Z" finished-at="2019-07-13T17:50:24Z">
    <groups>
    </groups>
    <test name="Default test" duration-ms="24" started-at="2019-07-13T17:50:24Z" finished-at="2019-07-13T17:50:24Z">
      <class name="basepackage.BaseClass">
        <test-method status="PASS" signature="OpenBrowser()[pri:0, instance:basepackage.BaseClass@8bd1b6a]" name="OpenBrowser" is-config="true" duration-ms="3037" started-at="2019-07-13T17:50:21Z" finished-at="2019-07-13T17:50:24Z">
          <reporter-output>
          </reporter-output>
        </test-method> <!-- OpenBrowser -->
      </class> <!-- basepackage.BaseClass -->
    </test> <!-- Default test -->
  </suite> <!-- Default suite -->
</testng-results>
